<?xml version="1.0" encoding="UTF-8"?>
<!-- Generated by org.testng.reporters.JUnitReportReporter -->
<testsuite skipped="0" hostname="SVINLP00321" name="Base.TapAction" tests="1" failures="0" timestamp="12 Mar 2019 11:43:10 GMT" time="37.415" errors="0">
  <testcase name="TapAction" time="37.415" classname="Base.TapAction"/>
</testsuite> <!-- Base.TapAction -->
