<?xml version="1.0" encoding="UTF-8"?>
<!-- Generated by org.testng.reporters.JUnitReportReporter -->
<testsuite skipped="0" hostname="SVINLP00321" name="Base.SwipeAction" tests="1" failures="0" timestamp="14 Mar 2019 10:51:55 GMT" time="53.135" errors="0">
  <testcase name="SwipeAction" time="53.135" classname="Base.SwipeAction"/>
</testsuite> <!-- Base.SwipeAction -->
