<?xml version="1.0" encoding="UTF-8"?>
<!-- Generated by org.testng.reporters.JUnitReportReporter -->
<testsuite skipped="0" hostname="SVINLP00321" name="Base.ScrollingDemo" tests="1" failures="0" timestamp="11 Mar 2019 10:44:26 GMT" time="25.664" errors="0">
  <testcase name="testScrolling" time="25.664" classname="Base.ScrollingDemo"/>
</testsuite> <!-- Base.ScrollingDemo -->
