<?xml version="1.0" encoding="UTF-8"?>
<!-- Generated by org.testng.reporters.JUnitReportReporter -->
<testsuite skipped="0" hostname="SVINLP00321" name="Base.LongPress" tests="1" failures="0" timestamp="14 Mar 2019 11:01:45 GMT" time="44.136" errors="0">
  <testcase name="TapAction" time="44.136" classname="Base.LongPress"/>
</testsuite> <!-- Base.LongPress -->
