<?xml version="1.0" encoding="UTF-8"?>
<!-- Generated by org.testng.reporters.JUnitReportReporter -->
<testsuite skipped="0" hostname="SVINLP00321" name="Base.TapAction" tests="1" failures="0" timestamp="14 Mar 2019 10:51:55 GMT" time="20.172" errors="0">
  <testcase name="testScrolling" time="20.172" classname="Base.TapAction"/>
</testsuite> <!-- Base.TapAction -->
