<?xml version="1.0" encoding="UTF-8"?>
<!-- Generated by org.testng.reporters.JUnitReportReporter -->
<testsuite skipped="0" hostname="SVINLP00321" name="Base.TapAction" tests="1" failures="0" timestamp="14 Mar 2019 06:34:13 GMT" time="36.017" errors="0">
  <testcase name="TapAction" time="36.017" classname="Base.TapAction"/>
</testsuite> <!-- Base.TapAction -->
