<?xml version="1.0" encoding="UTF-8"?>
<!-- Generated by org.testng.reporters.JUnitReportReporter -->
<testsuite skipped="0" hostname="SVINLP00321" name="Base.SwipeAction" tests="1" failures="0" timestamp="13 Mar 2019 09:23:08 GMT" time="35.818" errors="0">
  <testcase name="SwipeAction" time="35.818" classname="Base.SwipeAction"/>
</testsuite> <!-- Base.SwipeAction -->
