<?xml version="1.0" encoding="UTF-8"?>
<!-- Generated by org.testng.reporters.JUnitReportReporter -->
<testsuite skipped="0" hostname="SVINLP00321" name="Base.ScrollingDemo" tests="1" failures="0" timestamp="12 Mar 2019 11:43:10 GMT" time="18.762" errors="0">
  <testcase name="testScrolling" time="18.762" classname="Base.ScrollingDemo"/>
</testsuite> <!-- Base.ScrollingDemo -->
