<?xml version="1.0" encoding="UTF-8"?>
<!-- Generated by org.testng.reporters.JUnitReportReporter -->
<testsuite skipped="0" hostname="SVINLP00321" name="Base.TapAction" tests="1" failures="0" timestamp="13 Mar 2019 09:01:03 GMT" time="37.677" errors="0">
  <testcase name="TapAction" time="37.677" classname="Base.TapAction"/>
</testsuite> <!-- Base.TapAction -->
