<?xml version="1.0" encoding="UTF-8"?>
<!-- Generated by org.testng.reporters.JUnitReportReporter -->
<testsuite skipped="0" hostname="SVINLP00321" name="Base.ScrollingDemo" tests="1" failures="0" timestamp="2019-03-12T11:16:46 IST" time="18.771" errors="0">
  <testcase name="testScrolling" time="18.771" classname="Base.ScrollingDemo"/>
</testsuite> <!-- Base.ScrollingDemo -->
